2023-11-07 18:18:28.125 - DBeaver 23.2.4.202311051706 is starting
2023-11-07 18:18:28.126 - OS: Windows 10 10.0 (amd64)
2023-11-07 18:18:28.126 - Java version: 17.0.6 by Eclipse Adoptium (64bit)
2023-11-07 18:18:28.126 - Install path: 'C:\Users\Class01\AppData\Local\DBeaver'
2023-11-07 18:18:28.126 - Instance path: 'file:/C:/dev/05-MySQL/'
2023-11-07 18:18:28.127 - Memory available 64Mb/1024Mb
2023-11-07 18:18:28.137 - Create display
2023-11-07 18:18:28.231 - Initializing DBeaver 23.2.4
2023-11-07 18:18:28.232 - Host plugin: org.jkiss.dbeaver.ui.app.standalone 23.2.4.202311051706
2023-11-07 18:18:28.233 - Initialize desktop platform...
2023-11-07 18:18:28.381 - BounceCastle bundle found. Use JCE provider BC
> Start Core File Systems [org.eclipse.core.filesystem 1.10.100.v20230717-1727]
> Start Core Resource Management [org.eclipse.core.resources 3.19.100.v20230814-1312]
> Start 팀 지원 핵심 [org.eclipse.team.core 3.10.100.v20230726-0617]
> Start DBeaver UI Navigator [org.jkiss.dbeaver.ui.navigator 1.0.118.202311051706]
2023-11-07 18:18:28.663 - Initialize base platform...
2023-11-07 18:18:28.686 - Platform initialized (453ms)
2023-11-07 18:18:28.724 - Starting instance server at http://localhost:54926
2023-11-07 18:18:28.731 - Run workbench
> Start DBeaver UI [org.jkiss.dbeaver.ui 5.1.133.202311051706]
> Start Eclipse e4 작업영역 SWT [org.eclipse.e4.ui.workbench.swt 0.17.100.v20230727-0604]
> Start Eclipse Application Services [org.eclipse.e4.core.services 2.4.100.v20230708-0809]
> Start Eclipse UI Application Services [org.eclipse.e4.ui.services 1.6.100.v20230630-1554]
> Start Eclipse e4 Progress View [org.eclipse.e4.ui.progress 0.4.100.v20230727-0604]
> Start Eclipse Bindings Support [org.eclipse.e4.ui.bindings 0.14.100.v20230630-1554]
> Start Eclipse e4 core commands [org.eclipse.e4.core.commands 1.1.100.v20230630-1554]
> Start EMF XML/XMI Persistence [org.eclipse.emf.ecore.xmi 2.35.0.v20230801-1141]
> Start Eclipse CSS SWT Theme Support [org.eclipse.e4.ui.css.swt.theme 0.14.100.v20230727-0604]
> Start Eclipse e4 작업영역 기능 추가 [org.eclipse.e4.ui.workbench.addons.swt 1.5.100.v20230727-0604]
> Start Eclipse e4 작업영역 SWT 렌더러 [org.eclipse.e4.ui.workbench.renderers.swt 0.16.100.v20230801-1255]
> Start Eclipse Dependency Injection Extensions [org.eclipse.e4.core.di.extensions 0.18.0.v20230429-1914]
> Start Eclipse CSS SWT Support [org.eclipse.e4.ui.css.swt 0.15.100.v20230727-0604]
> Start jna [com.sun.jna 5.13.0.v20230812-1000]
Warning: NLS unused message: BlockedJobsDialog_UserInterfaceTreeElement in: org.eclipse.ui.internal.progress.messages
2023-11-07 18:18:30.268 - Configure workbench window
> Start DBeaver SQL Model [org.jkiss.dbeaver.model.sql 1.0.108.202311051706]
2023-11-07 18:18:30.420 - Total database drivers: 108 (108)
> Start 도움말 시스템 코어 [org.eclipse.help 3.10.100.v20230726-0617]
2023-11-07 18:18:30.501 - Create actions
2023-11-07 18:18:30.505 - Disable Eclipse action set 'org.eclipse.ui.edit.text.actionSet.annotationNavigation'
2023-11-07 18:18:30.506 - Disable Eclipse action set 'org.eclipse.ui.WorkingSetActionSet'
2023-11-07 18:18:30.506 - Disable Eclipse action set 'org.eclipse.ui.actionSet.openFiles'
2023-11-07 18:18:30.877 - Initialize workbench window
2023-11-07 18:18:30.877 - Open external file(s) [[C:\dev\05-MySQL\General\Scripts\01-select.sql]]
Warning: NLS unused message: actions_navigator__objects in: org.jkiss.dbeaver.ui.editors.sql.internal.SQLEditorMessages
> Start DBeaver UI Editors - SQL [org.jkiss.dbeaver.ui.editors.sql 1.0.118.202311051706]
> Start 기본 문서 편집기 [org.eclipse.ui.editors 3.17.0.v20230821-1342]
> Start 텍스트 편집기 프레임워크 [org.eclipse.ui.workbench.texteditor 3.17.100.v20230821-0745]
> Start DBeaver UI Editors - Data [org.jkiss.dbeaver.ui.editors.data 1.0.118.202311051706]
> Start DBeaver SQL Terminal [org.jkiss.dbeaver.ui.editors.sql.terminal 1.0.94.202311051706]
> Start 핵심 비교 지원 [org.eclipse.compare.core 3.8.100.v20230726-0617]
2023-11-07 18:18:31.631 - Finish initialization
> Start 인터넷 연결 관리 사용자 인터페이스 [org.eclipse.ui.net 1.5.100.v20230726-0617]
> Start Internet Connection Management [org.eclipse.core.net 1.5.100.v20230630-1232]
> Start 콘솔 [org.eclipse.ui.console 3.13.0.v20230726-0617]
Warning: NLS unused message: InputStreamMonitor_label in: org.eclipse.debug.internal.core.DebugCoreMessages
Warning: NLS unused message: OutputStreamMonitor_label in: org.eclipse.debug.internal.core.DebugCoreMessages
> Start 디버그 핵심 [org.eclipse.debug.core 3.21.100.v20230731-1425]
> Start DBeaver Sample Database [org.jkiss.dbeaver.ext.sample.database 1.0.155.202311051706]
> Start DBeaver Tip of the day [org.jkiss.dbeaver.ext.ui.tipoftheday 1.0.124.202311051706]
> Start GEF Classic Draw2d [org.eclipse.draw2d 3.14.0.202308311129]
> Start GEF Classic GEF (MVC) [org.eclipse.gef 3.15.0.202308311129]
> Start DBeaver ERD UI [org.jkiss.dbeaver.erd.ui 3.0.78.202311051706]
> Start DBeaver ERD Model [org.jkiss.dbeaver.erd.model 1.0.78.202311051706]
> Start DBeaver Tasks - Native Tools UI [org.jkiss.dbeaver.tasks.native.ui 1.0.96.202311051706]
> Start DBeaver MySQL UI Support [org.jkiss.dbeaver.ext.mysql.ui 1.0.110.202311051706]
> Start DBeaver Tasks - General UI [org.jkiss.dbeaver.tasks.ui 1.0.96.202311051706]
2023-11-07 18:18:36.629 - Connect with '실습커넥션' (mysql8-18ba8fe8326-2adcec670c17718c)
> Start DBeaver JDBC Model [org.jkiss.dbeaver.model.jdbc 1.0.11.202311051706]
> Start DBeaver MySQL Support [org.jkiss.dbeaver.ext.mysql 2.1.203.202311051706]
2023-11-07 18:18:36.642 - Connect with 'localhost' (mysql8-18ba8fda686-5941c008708efbcd)
2023-11-07 18:18:36.673 - Execution context opened (localhost; Main; 1)
2023-11-07 18:18:36.674 - Execution context opened (실습커넥션; Main; 0)
> Start DBeaver GIS Support [org.jkiss.dbeaver.data.gis 1.0.142.202311051706]
2023-11-07 18:18:36.905 - Execution context opened (localhost; Metadata; 2)
2023-11-07 18:18:36.905 - Execution context opened (실습커넥션; Metadata; 3)
2023-11-07 18:18:36.997 - Connected (mysql8-18ba8fda686-5941c008708efbcd, MySQL Connector/J [mysql-connector-java-8.0.29 (Revision: dd61577595edad45c398af508cf91ad26fc4144f)])
2023-11-07 18:18:37.004 - Connected (mysql8-18ba8fe8326-2adcec670c17718c, MySQL Connector/J [mysql-connector-java-8.0.29 (Revision: dd61577595edad45c398af508cf91ad26fc4144f)])
2023-11-07 18:18:37.023 - Execution context opened (localhost; SQLEditor <01_create_database.sql>; 4)
2023-11-07 18:18:37.032 - Execution context opened (실습커넥션; SQLEditor <01-select.sql>; 5)
2023-11-07 18:18:43.932 - Execution context closed (localhost, 4)
2023-11-07 18:18:45.760 - Execution context opened (localhost; SQLEditor <02_create_tables.sql>; 6)
2023-11-07 18:18:45.847 - Text parser rule inconsistency: rule failed and the scanned should have been fallbacked, but the current offset is different after attempt to evaluate org.jkiss.dbeaver.model.sql.parser.rules.ScriptParameterRule@1cda3a6d
2023-11-07 18:18:45.848 - Text parser rule inconsistency: rule failed and the scanned should have been fallbacked, but the current offset is different after attempt to evaluate org.jkiss.dbeaver.model.sql.parser.rules.SQLDelimiterSetRule@6cc5d6d7
2023-11-07 18:18:45.848 - Text parser rule inconsistency: rule failed and the scanned should have been fallbacked, but the current offset is different after attempt to evaluate org.jkiss.dbeaver.model.sql.parser.rules.SQLCommandRule@4fda9fde
2023-11-07 18:18:45.848 - Text parser rule inconsistency: rule failed and the scanned should have been fallbacked, but the current offset is different after attempt to evaluate org.jkiss.dbeaver.model.sql.parser.rules.SQLFullLineRule@6202253f
2023-11-07 18:18:45.848 - Text parser rule inconsistency: rule failed and the scanned should have been fallbacked, but the current offset is different after attempt to evaluate org.jkiss.dbeaver.model.sql.parser.rules.SQLCommandRule@4fda9fde
2023-11-07 18:18:45.849 - Text parser rule inconsistency: rule failed and the scanned should have been fallbacked, but the current offset is different after attempt to evaluate org.jkiss.dbeaver.model.sql.parser.rules.SQLCommandRule@663dbda7
2023-11-07 18:18:45.849 - Text parser rule inconsistency: rule failed and the scanned should have been fallbacked, but the current offset is different after attempt to evaluate org.jkiss.dbeaver.model.sql.parser.rules.SQLDelimiterSetRule@6cc5d6d7
2023-11-07 18:18:45.849 - Text parser rule inconsistency: rule failed and the scanned should have been fallbacked, but the current offset is different after attempt to evaluate org.jkiss.dbeaver.model.sql.parser.rules.SQLCommandRule@233f2f04
2023-11-07 18:18:45.849 - Text parser rule inconsistency: rule failed and the scanned should have been fallbacked, but the current offset is different after attempt to evaluate org.jkiss.dbeaver.model.sql.parser.rules.SQLCommandRule@610e26da
2023-11-07 18:18:45.850 - Text parser rule inconsistency: rule failed and the scanned should have been fallbacked, but the current offset is different after attempt to evaluate org.jkiss.dbeaver.model.sql.parser.rules.SQLDelimiterSetRule@6cc5d6d7
2023-11-07 18:18:45.850 - Text parser rule inconsistency: rule failed and the scanned should have been fallbacked, but the current offset is different after attempt to evaluate org.jkiss.dbeaver.model.sql.parser.rules.SQLDelimiterSetRule@6cc5d6d7
2023-11-07 18:18:45.850 - Text parser rule inconsistency: rule failed and the scanned should have been fallbacked, but the current offset is different after attempt to evaluate org.jkiss.dbeaver.model.sql.parser.rules.SQLDelimiterSetRule@6cc5d6d7
2023-11-07 18:18:45.851 - Text parser rule inconsistency: rule failed and the scanned should have been fallbacked, but the current offset is different after attempt to evaluate org.jkiss.dbeaver.model.sql.parser.rules.SQLCommandRule@663dbda7
2023-11-07 18:18:45.851 - Text parser rule inconsistency: rule failed and the scanned should have been fallbacked, but the current offset is different after attempt to evaluate org.jkiss.dbeaver.model.sql.parser.rules.SQLCommandRule@610e26da
2023-11-07 18:18:45.851 - Text parser rule inconsistency: rule failed and the scanned should have been fallbacked, but the current offset is different after attempt to evaluate org.jkiss.dbeaver.model.sql.parser.rules.SQLCommandRule@3df2f4ab
2023-11-07 18:18:45.851 - Text parser rule inconsistency: rule failed and the scanned should have been fallbacked, but the current offset is different after attempt to evaluate org.jkiss.dbeaver.model.sql.parser.rules.SQLCommandRule@12d6cc19
2023-11-07 18:18:45.852 - Text parser rule inconsistency: rule failed and the scanned should have been fallbacked, but the current offset is different after attempt to evaluate org.jkiss.dbeaver.model.sql.parser.rules.ScriptParameterRule@1cda3a6d
2023-11-07 18:18:45.852 - Text parser rule inconsistency: rule failed and the scanned should have been fallbacked, but the current offset is different after attempt to evaluate org.jkiss.dbeaver.model.sql.parser.rules.ScriptVariableRule@4ed7fb78
2023-11-07 18:18:46.090 - Execution context closed (localhost, 6)
2023-11-07 18:18:46.095 - Event loop exception
org.eclipse.swt.SWTException: Widget is disposed
	at org.eclipse.swt.SWT.error(SWT.java:4918)
	at org.eclipse.swt.SWT.error(SWT.java:4833)
	at org.eclipse.swt.SWT.error(SWT.java:4804)
	at org.eclipse.swt.widgets.Widget.error(Widget.java:450)
	at org.eclipse.swt.widgets.Widget.checkWidget(Widget.java:369)
	at org.eclipse.swt.custom.CTabFolder.setFont(CTabFolder.java:2702)
	at org.jkiss.dbeaver.ui.controls.resultset.ResultSetViewer.applyCurrentPresentationThemeSettings(ResultSetViewer.java:452)
	at org.jkiss.dbeaver.ui.controls.resultset.ResultSetViewer.access$4(ResultSetViewer.java:450)
	at org.eclipse.ui.internal.PendingSyncExec.run(PendingSyncExec.java:68)
	at org.eclipse.ui.internal.UILockListener.doPendingWork(UILockListener.java:172)
	at org.eclipse.swt.widgets.RunnableLock.run(RunnableLock.java:40)
	at org.eclipse.swt.widgets.Synchronizer.runAsyncMessages(Synchronizer.java:132)
	at org.eclipse.swt.widgets.Display.runAsyncMessages(Display.java:4047)
	at org.eclipse.swt.widgets.Display.readAndDispatch(Display.java:3663)
	at org.eclipse.e4.ui.internal.workbench.swt.PartRenderingEngine$5.run(PartRenderingEngine.java:1155)
	at org.eclipse.core.databinding.observable.Realm.runWithDefault(Realm.java:342)
	at org.eclipse.e4.ui.internal.workbench.swt.PartRenderingEngine.run(PartRenderingEngine.java:1046)
	at org.eclipse.e4.ui.internal.workbench.E4Workbench.createAndRunUI(E4Workbench.java:155)
	at org.eclipse.ui.internal.Workbench.lambda$3(Workbench.java:645)
	at org.eclipse.core.databinding.observable.Realm.runWithDefault(Realm.java:342)
	at org.eclipse.ui.internal.Workbench.createAndRunWorkbench(Workbench.java:552)
	at org.eclipse.ui.PlatformUI.createAndRunWorkbench(PlatformUI.java:171)
	at org.jkiss.dbeaver.ui.app.standalone.DBeaverApplication.start(DBeaverApplication.java:280)
	at org.eclipse.equinox.internal.app.EclipseAppHandle.run(EclipseAppHandle.java:203)
	at org.eclipse.core.runtime.internal.adaptor.EclipseAppLauncher.runApplication(EclipseAppLauncher.java:136)
	at org.eclipse.core.runtime.internal.adaptor.EclipseAppLauncher.start(EclipseAppLauncher.java:104)
	at org.eclipse.core.runtime.adaptor.EclipseStarter.run(EclipseStarter.java:402)
	at org.eclipse.core.runtime.adaptor.EclipseStarter.run(EclipseStarter.java:255)
	at java.base/jdk.internal.reflect.NativeMethodAccessorImpl.invoke0(Native Method)
	at java.base/jdk.internal.reflect.NativeMethodAccessorImpl.invoke(Unknown Source)
	at java.base/jdk.internal.reflect.DelegatingMethodAccessorImpl.invoke(Unknown Source)
	at java.base/java.lang.reflect.Method.invoke(Unknown Source)
	at org.eclipse.equinox.launcher.Main.invokeFramework(Main.java:651)
	at org.eclipse.equinox.launcher.Main.basicRun(Main.java:588)
	at org.eclipse.equinox.launcher.Main.run(Main.java:1459)
2023-11-07 18:19:17.683 - Open external file(s) [[C:\dev\05-MySQL\General\Scripts\02-order_by.sql]]
2023-11-07 18:19:24.291 - Execution context opened (실습커넥션; SQLEditor <02-order_by.sql>; 7)
2023-11-07 18:20:00.306 - Open external file(s) [[C:\dev\05-MySQL\General\Scripts\03_where.sql]]
2023-11-07 18:20:09.498 - Execution context opened (실습커넥션; SQLEditor <03_where.sql>; 8)
2023-11-07 18:20:40.002 - Open external file(s) [[C:\dev\05-MySQL\General\Scripts\04_distinct.sql]]
2023-11-07 18:20:40.555 - Execution context opened (실습커넥션; SQLEditor <04_distinct.sql>; 9)
2023-11-07 18:21:05.991 - Open external file(s) [[C:\dev\05-MySQL\General\Scripts\05_limit.sql]]
2023-11-07 18:21:06.413 - Execution context opened (실습커넥션; SQLEditor <05_limit.sql>; 10)
2023-11-07 18:21:14.952 - Execution context closed (실습커넥션, 7)
2023-11-07 18:21:14.994 - Execution context closed (실습커넥션, 8)
2023-11-07 18:21:15.027 - Execution context closed (실습커넥션, 9)
2023-11-07 18:21:15.059 - Execution context closed (실습커넥션, 10)
2023-11-07 18:21:15.100 - Execution context closed (실습커넥션, 5)
2023-11-07 18:21:15.358 - DBeaver is stopping
2023-11-07 18:21:15.361 - Stop instance server
2023-11-07 18:21:16.360 - DBeaver shutdown completed
