2024-02-05 11:02:35.134 - DBeaver 23.3.1.202312241705 is starting
2024-02-05 11:02:35.136 - OS: Windows 10 10.0 (amd64)
2024-02-05 11:02:35.136 - Java version: 17.0.6 by Eclipse Adoptium (64bit)
2024-02-05 11:02:35.137 - Install path: 'C:\Users\Class01\AppData\Local\DBeaver'
2024-02-05 11:02:35.137 - Instance path: 'file:/C:/dev/05-MySQL/'
2024-02-05 11:02:35.140 - Memory available 64Mb/1024Mb
2024-02-05 11:02:35.152 - Create display
2024-02-05 11:02:35.275 - Initialize desktop platform...
2024-02-05 11:02:35.434 - BounceCastle bundle found. Use JCE provider BC
> Start Core File Systems [org.eclipse.core.filesystem 1.10.200.v20231102-0934]
> Start Core Resource Management [org.eclipse.core.resources 3.20.0.v20231102-0934]
> Start 팀 지원 핵심 [org.eclipse.team.core 3.10.200.v20231106-1240]
> Start DBeaver UI Navigator [org.jkiss.dbeaver.ui.navigator 1.0.121.202312241705]
2024-02-05 11:02:35.777 - Initialize base platform...
2024-02-05 11:02:35.802 - Platform initialized (527ms)
2024-02-05 11:02:35.850 - Starting instance server at http://localhost:50937
2024-02-05 11:02:35.859 - Run workbench
> Start Eclipse e4 작업영역 SWT [org.eclipse.e4.ui.workbench.swt 0.17.200.v20231030-2045]
> Start Eclipse Application Services [org.eclipse.e4.core.services 2.4.200.v20231103-2012]
> Start Eclipse UI Application Services [org.eclipse.e4.ui.services 1.6.200.v20231030-2045]
> Start Eclipse e4 Progress View [org.eclipse.e4.ui.progress 0.4.200.v20231030-2045]
> Start Eclipse Bindings Support [org.eclipse.e4.ui.bindings 0.14.200.v20231030-2045]
> Start Eclipse e4 core commands [org.eclipse.e4.core.commands 1.1.200.v20231108-1058]
> Start EMF XML/XMI Persistence [org.eclipse.emf.ecore.xmi 2.36.0.v20231002-1156]
> Start Eclipse CSS SWT Theme Support [org.eclipse.e4.ui.css.swt.theme 0.14.200.v20230913-1724]
> Start Eclipse e4 작업영역 기능 추가 [org.eclipse.e4.ui.workbench.addons.swt 1.5.200.v20231106-1600]
Warning: NLS unused message: WorkbenchPreference_showMultipleEditorTabsButton in: org.eclipse.ui.internal.messages
Warning: NLS unused message: 이유 in: org.eclipse.ui.internal.messages
Warning: NLS unused message: Workbench_zoomChangedRestart in: org.eclipse.ui.internal.messages
> Start Eclipse e4 작업영역 SWT 렌더러 [org.eclipse.e4.ui.workbench.renderers.swt 0.16.200.v20231030-2045]
> Start Eclipse Dependency Injection Extensions [org.eclipse.e4.core.di.extensions 0.18.100.v20231103-2012]
> Start Eclipse CSS SWT Support [org.eclipse.e4.ui.css.swt 0.15.200.v20231025-0632]
> Start jna [com.sun.jna 5.13.0.v20230812-1000]
Warning: NLS unused message: BlockedJobsDialog_UserInterfaceTreeElement in: org.eclipse.ui.internal.progress.messages
2024-02-05 11:02:37.927 - Configure workbench window
> Start DBeaver SQL Model [org.jkiss.dbeaver.model.sql 1.0.111.202312241705]
2024-02-05 11:02:38.088 - Total database drivers: 107 (107)
> Start 도움말 시스템 코어 [org.eclipse.help 3.10.200.v20231106-1240]
2024-02-05 11:02:38.187 - Create actions
2024-02-05 11:02:38.194 - Disable Eclipse action set 'org.eclipse.ui.edit.text.actionSet.annotationNavigation'
2024-02-05 11:02:38.195 - Disable Eclipse action set 'org.eclipse.ui.WorkingSetActionSet'
2024-02-05 11:02:38.195 - Disable Eclipse action set 'org.eclipse.ui.actionSet.openFiles'
2024-02-05 11:02:38.749 - Initialize workbench window
2024-02-05 11:02:38.755 - Finish initialization
> Start 기본 문서 편집기 [org.eclipse.ui.editors 3.17.100.v20231106-1600]
> Start 텍스트 편집기 프레임워크 [org.eclipse.ui.workbench.texteditor 3.17.200.v20231106-1600]
> Start DBeaver UI Editors - Data [org.jkiss.dbeaver.ui.editors.data 1.0.121.202312241705]
Warning: NLS unused message: actions_navigator__objects in: org.jkiss.dbeaver.ui.editors.sql.internal.SQLEditorMessages
> Start DBeaver UI Editors - SQL [org.jkiss.dbeaver.ui.editors.sql 1.0.121.202312241705]
> Start DBeaver SQL Terminal [org.jkiss.dbeaver.ui.editors.sql.terminal 1.0.97.202312241705]
> Start 핵심 비교 지원 [org.eclipse.compare.core 3.8.300.v20231106-1240]
> Start Internet Connection Management [org.eclipse.core.net 1.5.200.v20231106-1240]
> Start DBeaver Sample Database [org.jkiss.dbeaver.ext.sample.database 1.0.158.202312241705]
> Start DBeaver Tip of the day [org.jkiss.dbeaver.ext.ui.tipoftheday 1.0.127.202312241705]
> Start GEF Classic Draw2d [org.eclipse.draw2d 3.14.100.202311222042]
> Start GEF Classic GEF (MVC) [org.eclipse.gef 3.16.0.202311222042]
> Start DBeaver ERD UI [org.jkiss.dbeaver.erd.ui 3.0.81.202312241705]
> Start DBeaver ERD Model [org.jkiss.dbeaver.erd.model 1.0.81.202312241705]
> Start 콘솔 [org.eclipse.ui.console 3.13.100.v20230914-0751]
Warning: NLS unused message: InputStreamMonitor_label in: org.eclipse.debug.internal.core.DebugCoreMessages
Warning: NLS unused message: OutputStreamMonitor_label in: org.eclipse.debug.internal.core.DebugCoreMessages
> Start 디버그 핵심 [org.eclipse.debug.core 3.21.200.v20231021-1513]
2024-02-05 11:02:41.627 - Connect with 'bunnyroom 2' (mysql8-18c89e75609-74897c46972cb60b)
> Start DBeaver JDBC Model [org.jkiss.dbeaver.model.jdbc 1.0.14.202312241705]
> Start DBeaver MySQL Support [org.jkiss.dbeaver.ext.mysql 2.1.206.202312241705]
2024-02-05 11:02:41.669 - Execution context opened (bunnyroom 2; Main; 0)
> Start DBeaver SQL Language Semantic Model [org.jkiss.dbeaver.model.lsm 1.0.16.202312241705]
> Start DBeaver GIS Support [org.jkiss.dbeaver.data.gis 1.0.145.202312241705]
> Start DBeaver SQL Server Model [org.jkiss.dbeaver.ext.mssql 1.0.215.202312241705]
> Start DBeaver SQLite Model [org.jkiss.dbeaver.ext.sqlite 1.0.170.202312241705]
> Start DBeaver Generic Plug-in [org.jkiss.dbeaver.ext.generic 2.3.207.202312241705]
2024-02-05 11:02:42.062 - Execution context opened (bunnyroom 2; Metadata; 1)
2024-02-05 11:02:42.215 - Connected (mysql8-18c89e75609-74897c46972cb60b, MySQL Connector/J [mysql-connector-j-8.2.0 (Revision: 06a1f724497fd81c6a659131fda822c9e5085b6c)])
2024-02-05 11:02:42.219 - Execution context opened (bunnyroom 2; SQLEditor <버니룸 테이블 생성 스크립트.sql>; 2)
2024-02-05 11:02:43.441 - Open [https://dbeaver.io/product/version.xml]
> Start DBeaver Tasks - Native Tools UI [org.jkiss.dbeaver.tasks.native.ui 1.0.99.202312241705]
> Start DBeaver MySQL UI Support [org.jkiss.dbeaver.ext.mysql.ui 1.0.113.202312241705]
> Start DBeaver Tasks - General UI [org.jkiss.dbeaver.tasks.ui 1.0.99.202312241705]
2024-02-05 11:02:53.697 - Connect with '실습커넥션' (mysql8-18ba8fe8326-2adcec670c17718c)
2024-02-05 11:02:53.698 - Execution context opened (실습커넥션; Main; 3)
2024-02-05 11:02:53.706 - Execution context opened (실습커넥션; Metadata; 4)
2024-02-05 11:02:53.783 - Connected (mysql8-18ba8fe8326-2adcec670c17718c, MySQL Connector/J [mysql-connector-j-8.2.0 (Revision: 06a1f724497fd81c6a659131fda822c9e5085b6c)])
2024-02-05 11:03:00.169 - Execution context opened (실습커넥션; SQLEditor <Console>; 5)
2024-02-05 12:09:37.556 - Error resolving object
org.jkiss.dbeaver.DBException: Table 'tbl_my_sequence' not found in catalog 'menudb'
	at org.jkiss.dbeaver.ext.mysql.model.MySQLStructureAssistant$1.resolveObject(MySQLStructureAssistant.java:141)
	at org.jkiss.dbeaver.ui.editors.sql.dialogs.SuggestionInformationControl$1.run(SuggestionInformationControl.java:130)
	at org.jkiss.dbeaver.model.runtime.AbstractJob.run(AbstractJob.java:105)
	at org.eclipse.core.internal.jobs.Worker.run(Worker.java:63)
2024-02-05 12:09:38.692 - Table 'menudb.tbl_my_sequence' not found in metadata catalog
2024-02-05 12:09:38.692 - Table 'menudb.tbl_my_sequence' not found in metadata catalog
2024-02-05 12:11:39.134 - SQL Error [1146] [42S02]: Table 'menudb.tbl_member_section03_subsecion02' doesn't exist
org.jkiss.dbeaver.model.sql.DBSQLException: SQL Error [1146] [42S02]: Table 'menudb.tbl_member_section03_subsecion02' doesn't exist
	at org.jkiss.dbeaver.model.impl.jdbc.exec.JDBCStatementImpl.executeStatement(JDBCStatementImpl.java:133)
	at org.jkiss.dbeaver.ui.editors.sql.execute.SQLQueryJob.executeStatement(SQLQueryJob.java:600)
	at org.jkiss.dbeaver.ui.editors.sql.execute.SQLQueryJob.lambda$2(SQLQueryJob.java:503)
	at org.jkiss.dbeaver.model.exec.DBExecUtils.tryExecuteRecover(DBExecUtils.java:190)
	at org.jkiss.dbeaver.ui.editors.sql.execute.SQLQueryJob.executeSingleQuery(SQLQueryJob.java:510)
	at org.jkiss.dbeaver.ui.editors.sql.execute.SQLQueryJob.extractData(SQLQueryJob.java:962)
	at org.jkiss.dbeaver.ui.editors.sql.SQLEditor$QueryResultsContainer.readData(SQLEditor.java:4123)
	at org.jkiss.dbeaver.ui.controls.resultset.ResultSetJobDataRead.lambda$0(ResultSetJobDataRead.java:123)
	at org.jkiss.dbeaver.model.exec.DBExecUtils.tryExecuteRecover(DBExecUtils.java:190)
	at org.jkiss.dbeaver.ui.controls.resultset.ResultSetJobDataRead.run(ResultSetJobDataRead.java:121)
	at org.jkiss.dbeaver.ui.controls.resultset.ResultSetViewer$ResultSetDataPumpJob.run(ResultSetViewer.java:5148)
	at org.jkiss.dbeaver.model.runtime.AbstractJob.run(AbstractJob.java:105)
	at org.eclipse.core.internal.jobs.Worker.run(Worker.java:63)
Caused by: java.sql.SQLSyntaxErrorException: Table 'menudb.tbl_member_section03_subsecion02' doesn't exist
	at com.mysql.cj.jdbc.exceptions.SQLError.createSQLException(SQLError.java:121)
	at com.mysql.cj.jdbc.exceptions.SQLExceptionsMapping.translateException(SQLExceptionsMapping.java:122)
	at com.mysql.cj.jdbc.StatementImpl.executeInternal(StatementImpl.java:767)
	at com.mysql.cj.jdbc.StatementImpl.execute(StatementImpl.java:652)
	at org.jkiss.dbeaver.model.impl.jdbc.exec.JDBCStatementImpl.execute(JDBCStatementImpl.java:330)
	at org.jkiss.dbeaver.model.impl.jdbc.exec.JDBCStatementImpl.executeStatement(JDBCStatementImpl.java:131)
	... 12 more
2024-02-05 12:11:40.835 - SQL Error [1146] [42S02]: Table 'menudb.tbl_member_section03_subsecion02' doesn't exist
org.jkiss.dbeaver.model.sql.DBSQLException: SQL Error [1146] [42S02]: Table 'menudb.tbl_member_section03_subsecion02' doesn't exist
	at org.jkiss.dbeaver.model.impl.jdbc.exec.JDBCStatementImpl.executeStatement(JDBCStatementImpl.java:133)
	at org.jkiss.dbeaver.ui.editors.sql.execute.SQLQueryJob.executeStatement(SQLQueryJob.java:600)
	at org.jkiss.dbeaver.ui.editors.sql.execute.SQLQueryJob.lambda$2(SQLQueryJob.java:503)
	at org.jkiss.dbeaver.model.exec.DBExecUtils.tryExecuteRecover(DBExecUtils.java:190)
	at org.jkiss.dbeaver.ui.editors.sql.execute.SQLQueryJob.executeSingleQuery(SQLQueryJob.java:510)
	at org.jkiss.dbeaver.ui.editors.sql.execute.SQLQueryJob.extractData(SQLQueryJob.java:962)
	at org.jkiss.dbeaver.ui.editors.sql.SQLEditor$QueryResultsContainer.readData(SQLEditor.java:4123)
	at org.jkiss.dbeaver.ui.controls.resultset.ResultSetJobDataRead.lambda$0(ResultSetJobDataRead.java:123)
	at org.jkiss.dbeaver.model.exec.DBExecUtils.tryExecuteRecover(DBExecUtils.java:190)
	at org.jkiss.dbeaver.ui.controls.resultset.ResultSetJobDataRead.run(ResultSetJobDataRead.java:121)
	at org.jkiss.dbeaver.ui.controls.resultset.ResultSetViewer$ResultSetDataPumpJob.run(ResultSetViewer.java:5148)
	at org.jkiss.dbeaver.model.runtime.AbstractJob.run(AbstractJob.java:105)
	at org.eclipse.core.internal.jobs.Worker.run(Worker.java:63)
Caused by: java.sql.SQLSyntaxErrorException: Table 'menudb.tbl_member_section03_subsecion02' doesn't exist
	at com.mysql.cj.jdbc.exceptions.SQLError.createSQLException(SQLError.java:121)
	at com.mysql.cj.jdbc.exceptions.SQLExceptionsMapping.translateException(SQLExceptionsMapping.java:122)
	at com.mysql.cj.jdbc.StatementImpl.executeInternal(StatementImpl.java:767)
	at com.mysql.cj.jdbc.StatementImpl.execute(StatementImpl.java:652)
	at org.jkiss.dbeaver.model.impl.jdbc.exec.JDBCStatementImpl.execute(JDBCStatementImpl.java:330)
	at org.jkiss.dbeaver.model.impl.jdbc.exec.JDBCStatementImpl.executeStatement(JDBCStatementImpl.java:131)
	... 12 more
2024-02-05 12:11:58.598 - Table 'menudb.tbl_member_section03_subsection02' not found in metadata catalog
2024-02-05 12:11:58.598 - Table 'menudb.tbl_member_section03_subsection02' not found in metadata catalog
2024-02-05 12:11:58.599 - Table 'menudb.tbl_member_section03_subsection02' not found in metadata catalog
2024-02-05 12:11:58.599 - Table 'menudb.tbl_member_section03_subsection02' not found in metadata catalog
2024-02-05 12:11:58.599 - Table 'menudb.tbl_member_section03_subsection02' not found in metadata catalog
2024-02-05 12:11:58.599 - Table 'menudb.tbl_member_section03_subsection02' not found in metadata catalog
2024-02-05 12:11:58.599 - Table 'menudb.tbl_member_section03_subsection02' not found in metadata catalog
2024-02-05 12:11:58.599 - Table 'menudb.tbl_member_section03_subsection02' not found in metadata catalog
2024-02-05 12:11:58.599 - Table 'menudb.tbl_member_section03_subsection02' not found in metadata catalog
2024-02-05 12:11:58.600 - Table 'menudb.tbl_member_section03_subsection02' not found in metadata catalog
2024-02-05 12:12:11.897 - Table 'menudb.tbl_my_sequence' not found in metadata catalog
2024-02-05 12:12:11.897 - Table 'menudb.tbl_my_sequence' not found in metadata catalog
2024-02-05 12:12:13.340 - Table 'menudb.tbl_member_section03_subsection02' not found in metadata catalog
2024-02-05 12:12:13.340 - Table 'menudb.tbl_member_section03_subsection02' not found in metadata catalog
2024-02-05 12:12:13.340 - Table 'menudb.tbl_member_section03_subsection02' not found in metadata catalog
2024-02-05 12:12:13.340 - Table 'menudb.tbl_member_section03_subsection02' not found in metadata catalog
2024-02-05 12:12:13.341 - Table 'menudb.tbl_member_section03_subsection02' not found in metadata catalog
2024-02-05 12:12:13.341 - Table 'menudb.tbl_member_section03_subsection02' not found in metadata catalog
2024-02-05 12:12:13.341 - Table 'menudb.tbl_member_section03_subsection02' not found in metadata catalog
2024-02-05 12:12:13.341 - Table 'menudb.tbl_member_section03_subsection02' not found in metadata catalog
2024-02-05 12:12:13.341 - Table 'menudb.tbl_member_section03_subsection02' not found in metadata catalog
2024-02-05 12:12:13.342 - Table 'menudb.tbl_member_section03_subsection02' not found in metadata catalog
2024-02-05 12:12:40.194 - Table 'menudb.tbl_my_sequence' not found in metadata catalog
2024-02-05 12:12:40.194 - Table 'menudb.tbl_my_sequence' not found in metadata catalog
2024-02-05 12:16:09.498 - Table 'menudb.tbl_my_sequence' not found in metadata catalog
2024-02-05 12:16:09.498 - Table 'menudb.tbl_my_sequence' not found in metadata catalog
2024-02-05 13:43:02.034 - Table 'menudb.tbl_member_section04' not found in metadata catalog
2024-02-05 13:43:02.034 - Table 'menudb.tbl_member_section04' not found in metadata catalog
2024-02-05 13:43:02.034 - Table 'menudb.tbl_member_section04' not found in metadata catalog
2024-02-05 13:43:02.035 - Table 'menudb.tbl_member_section04' not found in metadata catalog
2024-02-05 13:43:02.035 - Table 'menudb.tbl_member_section04' not found in metadata catalog
2024-02-05 13:43:02.035 - Table 'menudb.tbl_member_section04' not found in metadata catalog
2024-02-05 13:43:02.035 - Table 'menudb.tbl_member_section04' not found in metadata catalog
2024-02-05 13:43:02.035 - Table 'menudb.tbl_member_section04' not found in metadata catalog
2024-02-05 13:43:02.035 - Table 'menudb.tbl_member_section04' not found in metadata catalog
2024-02-05 13:43:02.035 - Table 'menudb.tbl_member_section04' not found in metadata catalog
2024-02-05 13:44:39.532 - Table 'menudb.tbl_member_section04' not found in metadata catalog
2024-02-05 13:44:39.533 - Table 'menudb.tbl_member_section04' not found in metadata catalog
2024-02-05 13:44:39.533 - Table 'menudb.tbl_member_section04' not found in metadata catalog
2024-02-05 13:44:39.533 - Table 'menudb.tbl_member_section04' not found in metadata catalog
2024-02-05 13:44:39.533 - Table 'menudb.tbl_member_section04' not found in metadata catalog
2024-02-05 13:44:39.533 - Table 'menudb.tbl_member_section04' not found in metadata catalog
2024-02-05 13:44:39.533 - Table 'menudb.tbl_member_section04' not found in metadata catalog
2024-02-05 13:44:39.533 - Table 'menudb.tbl_member_section04' not found in metadata catalog
2024-02-05 13:44:39.534 - Table 'menudb.tbl_member_section04' not found in metadata catalog
2024-02-05 13:44:39.534 - Table 'menudb.tbl_member_section04' not found in metadata catalog
2024-02-05 18:24:37.874 - Execution context closed (실습커넥션, 5)
2024-02-05 18:24:37.991 - Execution context closed (bunnyroom 2, 2)
2024-02-05 18:24:38.346 - DBeaver is stopping
2024-02-05 18:24:38.348 - Stop instance server
2024-02-05 18:24:39.359 - DBeaver shutdown completed
