2024-02-20 16:45:15.302 - DBeaver 23.3.1.202312241705 is starting
2024-02-20 16:45:15.304 - OS: Windows 10 10.0 (amd64)
2024-02-20 16:45:15.304 - Java version: 17.0.6 by Eclipse Adoptium (64bit)
2024-02-20 16:45:15.304 - Install path: 'C:\Users\Class01\AppData\Local\DBeaver'
2024-02-20 16:45:15.305 - Instance path: 'file:/C:/dev/05-MySQL/'
2024-02-20 16:45:15.307 - Memory available 64Mb/1024Mb
2024-02-20 16:45:15.323 - Create display
2024-02-20 16:45:15.506 - Initialize desktop platform...
2024-02-20 16:45:15.705 - BounceCastle bundle found. Use JCE provider BC
> Start Core File Systems [org.eclipse.core.filesystem 1.10.200.v20231102-0934]
> Start Core Resource Management [org.eclipse.core.resources 3.20.0.v20231102-0934]
> Start 팀 지원 핵심 [org.eclipse.team.core 3.10.200.v20231106-1240]
> Start DBeaver UI Navigator [org.jkiss.dbeaver.ui.navigator 1.0.121.202312241705]
2024-02-20 16:45:16.876 - Initialize base platform...
2024-02-20 16:45:17.005 - Platform initialized (1499ms)
2024-02-20 16:45:17.306 - Starting instance server at http://localhost:53760
2024-02-20 16:45:17.330 - Run workbench
> Start Eclipse e4 작업영역 SWT [org.eclipse.e4.ui.workbench.swt 0.17.200.v20231030-2045]
> Start Eclipse Application Services [org.eclipse.e4.core.services 2.4.200.v20231103-2012]
> Start Eclipse UI Application Services [org.eclipse.e4.ui.services 1.6.200.v20231030-2045]
> Start Eclipse e4 Progress View [org.eclipse.e4.ui.progress 0.4.200.v20231030-2045]
> Start Eclipse Bindings Support [org.eclipse.e4.ui.bindings 0.14.200.v20231030-2045]
> Start Eclipse e4 core commands [org.eclipse.e4.core.commands 1.1.200.v20231108-1058]
> Start EMF XML/XMI Persistence [org.eclipse.emf.ecore.xmi 2.36.0.v20231002-1156]
> Start Eclipse CSS SWT Theme Support [org.eclipse.e4.ui.css.swt.theme 0.14.200.v20230913-1724]
> Start Eclipse e4 작업영역 기능 추가 [org.eclipse.e4.ui.workbench.addons.swt 1.5.200.v20231106-1600]
Warning: NLS unused message: WorkbenchPreference_showMultipleEditorTabsButton in: org.eclipse.ui.internal.messages
Warning: NLS unused message: 이유 in: org.eclipse.ui.internal.messages
Warning: NLS unused message: Workbench_zoomChangedRestart in: org.eclipse.ui.internal.messages
> Start Eclipse e4 작업영역 SWT 렌더러 [org.eclipse.e4.ui.workbench.renderers.swt 0.16.200.v20231030-2045]
> Start Eclipse Dependency Injection Extensions [org.eclipse.e4.core.di.extensions 0.18.100.v20231103-2012]
> Start Eclipse CSS SWT Support [org.eclipse.e4.ui.css.swt 0.15.200.v20231025-0632]
> Start jna [com.sun.jna 5.13.0.v20230812-1000]
Warning: NLS unused message: BlockedJobsDialog_UserInterfaceTreeElement in: org.eclipse.ui.internal.progress.messages
2024-02-20 16:45:19.834 - Configure workbench window
> Start DBeaver SQL Model [org.jkiss.dbeaver.model.sql 1.0.111.202312241705]
2024-02-20 16:45:19.992 - Total database drivers: 107 (107)
> Start 도움말 시스템 코어 [org.eclipse.help 3.10.200.v20231106-1240]
2024-02-20 16:45:20.096 - Create actions
2024-02-20 16:45:20.104 - Disable Eclipse action set 'org.eclipse.ui.edit.text.actionSet.annotationNavigation'
2024-02-20 16:45:20.105 - Disable Eclipse action set 'org.eclipse.ui.WorkingSetActionSet'
2024-02-20 16:45:20.105 - Disable Eclipse action set 'org.eclipse.ui.actionSet.openFiles'
2024-02-20 16:45:20.690 - Initialize workbench window
2024-02-20 16:45:20.704 - Finish initialization
> Start 기본 문서 편집기 [org.eclipse.ui.editors 3.17.100.v20231106-1600]
> Start 텍스트 편집기 프레임워크 [org.eclipse.ui.workbench.texteditor 3.17.200.v20231106-1600]
> Start DBeaver UI Editors - Data [org.jkiss.dbeaver.ui.editors.data 1.0.121.202312241705]
Warning: NLS unused message: actions_navigator__objects in: org.jkiss.dbeaver.ui.editors.sql.internal.SQLEditorMessages
> Start DBeaver UI Editors - SQL [org.jkiss.dbeaver.ui.editors.sql 1.0.121.202312241705]
> Start DBeaver SQL Terminal [org.jkiss.dbeaver.ui.editors.sql.terminal 1.0.97.202312241705]
> Start 핵심 비교 지원 [org.eclipse.compare.core 3.8.300.v20231106-1240]
> Start Internet Connection Management [org.eclipse.core.net 1.5.200.v20231106-1240]
> Start DBeaver Sample Database [org.jkiss.dbeaver.ext.sample.database 1.0.158.202312241705]
> Start DBeaver Tip of the day [org.jkiss.dbeaver.ext.ui.tipoftheday 1.0.127.202312241705]
> Start GEF Classic Draw2d [org.eclipse.draw2d 3.14.100.202311222042]
> Start GEF Classic GEF (MVC) [org.eclipse.gef 3.16.0.202311222042]
> Start DBeaver ERD UI [org.jkiss.dbeaver.erd.ui 3.0.81.202312241705]
> Start DBeaver ERD Model [org.jkiss.dbeaver.erd.model 1.0.81.202312241705]
> Start 콘솔 [org.eclipse.ui.console 3.13.100.v20230914-0751]
Warning: NLS unused message: InputStreamMonitor_label in: org.eclipse.debug.internal.core.DebugCoreMessages
Warning: NLS unused message: OutputStreamMonitor_label in: org.eclipse.debug.internal.core.DebugCoreMessages
> Start 디버그 핵심 [org.eclipse.debug.core 3.21.200.v20231021-1513]
2024-02-20 16:45:27.146 - Open [https://dbeaver.io/product/version.xml]
2024-02-20 16:49:16.600 - DBeaver is stopping
2024-02-20 16:49:16.601 - Stop instance server
2024-02-20 16:49:17.613 - DBeaver shutdown completed
